GAS LISTING /tmp/ccFAjvyY.s 			page 1


   1              		.file	"print.cpp"
   2              		.option pic
   3              		.option norelax
   4              		.text
   5              	.Ltext0:
   6              		.align	2
   7              		.globl	_Z8printStrPKc
   9              	_Z8printStrPKc:
  10              	.LFB22:
  11              		.file 1 "src/print.cpp"
   1:src/print.cpp **** //
   2:src/print.cpp **** // Created by marko on 20.4.22..
   3:src/print.cpp **** //
   4:src/print.cpp **** 
   5:src/print.cpp **** #include "../h/print.hpp"
   6:src/print.cpp **** #include "../lib/console.h"
   7:src/print.cpp **** #include "../h/riscv.hpp"
   8:src/print.cpp **** 
   9:src/print.cpp **** 
  10:src/print.cpp **** void printStr(char const *string)
  11:src/print.cpp **** {
  12              		.loc 1 11 1
  13              		.cfi_startproc
  14              	.LVL0:
  15 0000 130101FD 		addi	sp,sp,-48
  16              		.cfi_def_cfa_offset 48
  17 0004 23341102 		sd	ra,40(sp)
  18 0008 23308102 		sd	s0,32(sp)
  19 000c 233C9100 		sd	s1,24(sp)
  20 0010 23382101 		sd	s2,16(sp)
  21              		.cfi_offset 1, -8
  22              		.cfi_offset 8, -16
  23              		.cfi_offset 9, -24
  24              		.cfi_offset 18, -32
  25 0014 13040103 		addi	s0,sp,48
  26              		.cfi_def_cfa 8, 0
  27 0018 93040500 		mv	s1,a0
  12:src/print.cpp ****     uint64 sstatus = Riscv::r_sstatus();
  28              		.loc 1 12 5
  29              	.LBB14:
  30              	.LBB15:
  31              		.file 2 "src/../h/riscv.hpp"
   1:src/../h/riscv.hpp **** //
   2:src/../h/riscv.hpp **** // Created by marko on 20.4.22..
   3:src/../h/riscv.hpp **** //
   4:src/../h/riscv.hpp **** 
   5:src/../h/riscv.hpp **** #ifndef OS1_VEZBE07_RISCV_CONTEXT_SWITCH_2_INTERRUPT_RISCV_HPP
   6:src/../h/riscv.hpp **** #define OS1_VEZBE07_RISCV_CONTEXT_SWITCH_2_INTERRUPT_RISCV_HPP
   7:src/../h/riscv.hpp **** 
   8:src/../h/riscv.hpp **** #include "../lib/hw.h"
   9:src/../h/riscv.hpp **** 
  10:src/../h/riscv.hpp **** class Riscv
  11:src/../h/riscv.hpp **** {
  12:src/../h/riscv.hpp **** public:
  13:src/../h/riscv.hpp **** 
  14:src/../h/riscv.hpp ****     //pop sstatus.spp and sstasus.spie bits (has to be a non-inline function)
  15:src/../h/riscv.hpp ****     static void popSppSpie();
GAS LISTING /tmp/ccFAjvyY.s 			page 2


  16:src/../h/riscv.hpp **** 
  17:src/../h/riscv.hpp ****     //push x3..31 registers on stack
  18:src/../h/riscv.hpp ****     static void pushRegisters();
  19:src/../h/riscv.hpp **** 
  20:src/../h/riscv.hpp ****     //pop x3..31 registers on stack
  21:src/../h/riscv.hpp ****     static void popRegisters();
  22:src/../h/riscv.hpp **** 
  23:src/../h/riscv.hpp **** 
  24:src/../h/riscv.hpp ****     // read register scause
  25:src/../h/riscv.hpp ****     static uint64 r_scause();
  26:src/../h/riscv.hpp **** 
  27:src/../h/riscv.hpp ****     // write register scause
  28:src/../h/riscv.hpp ****     static void w_scause(uint64 scause);
  29:src/../h/riscv.hpp **** 
  30:src/../h/riscv.hpp ****     // read register sepc
  31:src/../h/riscv.hpp ****     static uint64 r_sepc();
  32:src/../h/riscv.hpp **** 
  33:src/../h/riscv.hpp ****     // write register sepc
  34:src/../h/riscv.hpp ****     static void w_sepc(uint64 sepc);
  35:src/../h/riscv.hpp **** 
  36:src/../h/riscv.hpp ****     // read register stvec
  37:src/../h/riscv.hpp ****     static uint64 r_stvec();
  38:src/../h/riscv.hpp **** 
  39:src/../h/riscv.hpp ****     // write register stvec
  40:src/../h/riscv.hpp ****     static void w_stvec(uint64 stvec);
  41:src/../h/riscv.hpp **** 
  42:src/../h/riscv.hpp ****     // read register stval
  43:src/../h/riscv.hpp ****     static uint64 r_stval();
  44:src/../h/riscv.hpp **** 
  45:src/../h/riscv.hpp ****     // write register stval
  46:src/../h/riscv.hpp ****     static void w_stval(uint64 stval);
  47:src/../h/riscv.hpp **** 
  48:src/../h/riscv.hpp ****     enum BitMaskSip
  49:src/../h/riscv.hpp ****     {
  50:src/../h/riscv.hpp ****         SIP_SSIP = (1 << 1),
  51:src/../h/riscv.hpp ****         SIP_STIP = (1 << 5),
  52:src/../h/riscv.hpp ****         SIP_SEIP = (1 << 9),
  53:src/../h/riscv.hpp ****     };
  54:src/../h/riscv.hpp **** 
  55:src/../h/riscv.hpp ****     // mask set register sip
  56:src/../h/riscv.hpp ****     static void ms_sip(uint64 mask);
  57:src/../h/riscv.hpp **** 
  58:src/../h/riscv.hpp ****     // mask clear register sip
  59:src/../h/riscv.hpp ****     static void mc_sip(uint64 mask);
  60:src/../h/riscv.hpp **** 
  61:src/../h/riscv.hpp ****     // read register sip
  62:src/../h/riscv.hpp ****     static uint64 r_sip();
  63:src/../h/riscv.hpp **** 
  64:src/../h/riscv.hpp ****     // write register sip
  65:src/../h/riscv.hpp ****     static void w_sip(uint64 sip);
  66:src/../h/riscv.hpp **** 
  67:src/../h/riscv.hpp ****     enum BitMaskSstatus
  68:src/../h/riscv.hpp ****     {
  69:src/../h/riscv.hpp ****         SSTATUS_SIE = (1 << 1),
  70:src/../h/riscv.hpp ****         SSTATUS_SPIE = (1 << 5),
  71:src/../h/riscv.hpp ****         SSTATUS_SPP = (1 << 8),
  72:src/../h/riscv.hpp ****     };
GAS LISTING /tmp/ccFAjvyY.s 			page 3


  73:src/../h/riscv.hpp **** 
  74:src/../h/riscv.hpp ****     // mask set register sstatus
  75:src/../h/riscv.hpp ****     static void ms_sstatus(uint64 mask);
  76:src/../h/riscv.hpp **** 
  77:src/../h/riscv.hpp ****     // mask clear register sstatus
  78:src/../h/riscv.hpp ****     static void mc_sstatus(uint64 mask);
  79:src/../h/riscv.hpp **** 
  80:src/../h/riscv.hpp ****     // read register sstatus
  81:src/../h/riscv.hpp ****     static uint64 r_sstatus();
  82:src/../h/riscv.hpp **** 
  83:src/../h/riscv.hpp ****     // write register sstatus
  84:src/../h/riscv.hpp ****     static void w_sstatus(uint64 sstatus);
  85:src/../h/riscv.hpp **** 
  86:src/../h/riscv.hpp ****     // supervisor trap
  87:src/../h/riscv.hpp ****     static void supervisorTrap();
  88:src/../h/riscv.hpp **** 
  89:src/../h/riscv.hpp ****     // read a0 register
  90:src/../h/riscv.hpp ****     static uint64 r_a0();
  91:src/../h/riscv.hpp **** 
  92:src/../h/riscv.hpp ****     // write a0 register
  93:src/../h/riscv.hpp ****     static void w_a0(uint64 val);
  94:src/../h/riscv.hpp **** 
  95:src/../h/riscv.hpp ****     // read a1 register
  96:src/../h/riscv.hpp ****     static uint64 r_a1();
  97:src/../h/riscv.hpp **** 
  98:src/../h/riscv.hpp ****     // write a1 register
  99:src/../h/riscv.hpp ****     static void w_a1(uint64 val);
 100:src/../h/riscv.hpp **** 
 101:src/../h/riscv.hpp ****     // read a2 register
 102:src/../h/riscv.hpp ****     inline static uint64 r_a2();
 103:src/../h/riscv.hpp **** 
 104:src/../h/riscv.hpp ****     // write a2 register
 105:src/../h/riscv.hpp ****     inline static void w_a2(uint64 val);
 106:src/../h/riscv.hpp **** 
 107:src/../h/riscv.hpp ****     // read a3 register
 108:src/../h/riscv.hpp ****     inline static uint64 r_a3();
 109:src/../h/riscv.hpp **** 
 110:src/../h/riscv.hpp ****     // write a3 register
 111:src/../h/riscv.hpp ****     inline static void w_a3(uint64 val);
 112:src/../h/riscv.hpp **** 
 113:src/../h/riscv.hpp ****     // read a4 register
 114:src/../h/riscv.hpp ****     inline static uint64 r_a4();
 115:src/../h/riscv.hpp **** 
 116:src/../h/riscv.hpp ****     // write a4 register
 117:src/../h/riscv.hpp ****     inline static void w_a4(uint64 val);
 118:src/../h/riscv.hpp **** 
 119:src/../h/riscv.hpp **** 
 120:src/../h/riscv.hpp **** 
 121:src/../h/riscv.hpp **** private:
 122:src/../h/riscv.hpp **** 
 123:src/../h/riscv.hpp ****     // supervisor trap handler
 124:src/../h/riscv.hpp ****     static void handleSupervisorTrap();
 125:src/../h/riscv.hpp **** 
 126:src/../h/riscv.hpp **** };
 127:src/../h/riscv.hpp **** 
 128:src/../h/riscv.hpp **** inline uint64 Riscv::r_scause()
 129:src/../h/riscv.hpp **** {
GAS LISTING /tmp/ccFAjvyY.s 			page 4


 130:src/../h/riscv.hpp ****     uint64 volatile scause;
 131:src/../h/riscv.hpp ****     __asm__ volatile ("csrr %[scause], scause" : [scause] "=r"(scause));
 132:src/../h/riscv.hpp ****     return scause;
 133:src/../h/riscv.hpp **** }
 134:src/../h/riscv.hpp **** 
 135:src/../h/riscv.hpp **** inline void Riscv::w_scause(uint64 scause)
 136:src/../h/riscv.hpp **** {
 137:src/../h/riscv.hpp ****     __asm__ volatile ("csrw scause, %[scause]" : : [scause] "r"(scause));
 138:src/../h/riscv.hpp **** }
 139:src/../h/riscv.hpp **** 
 140:src/../h/riscv.hpp **** inline uint64 Riscv::r_sepc()
 141:src/../h/riscv.hpp **** {
 142:src/../h/riscv.hpp ****     uint64 volatile sepc;
 143:src/../h/riscv.hpp ****     __asm__ volatile ("csrr %[sepc], sepc" : [sepc] "=r"(sepc));
 144:src/../h/riscv.hpp ****     return sepc;
 145:src/../h/riscv.hpp **** }
 146:src/../h/riscv.hpp **** 
 147:src/../h/riscv.hpp **** inline void Riscv::w_sepc(uint64 sepc)
 148:src/../h/riscv.hpp **** {
 149:src/../h/riscv.hpp ****     __asm__ volatile ("csrw sepc, %[sepc]" : : [sepc] "r"(sepc));
 150:src/../h/riscv.hpp **** }
 151:src/../h/riscv.hpp **** 
 152:src/../h/riscv.hpp **** inline uint64 Riscv::r_stvec()
 153:src/../h/riscv.hpp **** {
 154:src/../h/riscv.hpp ****     uint64 volatile stvec;
 155:src/../h/riscv.hpp ****     __asm__ volatile ("csrr %[stvec], stvec" : [stvec] "=r"(stvec));
 156:src/../h/riscv.hpp ****     return stvec;
 157:src/../h/riscv.hpp **** }
 158:src/../h/riscv.hpp **** 
 159:src/../h/riscv.hpp **** inline void Riscv::w_stvec(uint64 stvec)
 160:src/../h/riscv.hpp **** {
 161:src/../h/riscv.hpp ****     __asm__ volatile ("csrw stvec, %[stvec]" : : [stvec] "r"(stvec));
 162:src/../h/riscv.hpp **** }
 163:src/../h/riscv.hpp **** 
 164:src/../h/riscv.hpp **** inline uint64 Riscv::r_stval()
 165:src/../h/riscv.hpp **** {
 166:src/../h/riscv.hpp ****     uint64 volatile stval;
 167:src/../h/riscv.hpp ****     __asm__ volatile ("csrr %[stval], stval" : [stval] "=r"(stval));
 168:src/../h/riscv.hpp ****     return stval;
 169:src/../h/riscv.hpp **** }
 170:src/../h/riscv.hpp **** 
 171:src/../h/riscv.hpp **** inline void Riscv::w_stval(uint64 stval)
 172:src/../h/riscv.hpp **** {
 173:src/../h/riscv.hpp ****     __asm__ volatile ("csrw stval, %[stval]" : : [stval] "r"(stval));
 174:src/../h/riscv.hpp **** }
 175:src/../h/riscv.hpp **** 
 176:src/../h/riscv.hpp **** inline void Riscv::ms_sip(uint64 mask)
 177:src/../h/riscv.hpp **** {
 178:src/../h/riscv.hpp ****     __asm__ volatile ("csrs sip, %[mask]" : : [mask] "r"(mask));
 179:src/../h/riscv.hpp **** }
 180:src/../h/riscv.hpp **** 
 181:src/../h/riscv.hpp **** inline void Riscv::mc_sip(uint64 mask)
 182:src/../h/riscv.hpp **** {
 183:src/../h/riscv.hpp ****     __asm__ volatile ("csrc sip, %[mask]" : : [mask] "r"(mask));
 184:src/../h/riscv.hpp **** }
 185:src/../h/riscv.hpp **** 
 186:src/../h/riscv.hpp **** inline uint64 Riscv::r_sip()
GAS LISTING /tmp/ccFAjvyY.s 			page 5


 187:src/../h/riscv.hpp **** {
 188:src/../h/riscv.hpp ****     uint64 volatile sip;
 189:src/../h/riscv.hpp ****     __asm__ volatile ("csrr %[sip], sip" : [sip] "=r"(sip));
 190:src/../h/riscv.hpp ****     return sip;
 191:src/../h/riscv.hpp **** }
 192:src/../h/riscv.hpp **** 
 193:src/../h/riscv.hpp **** inline void Riscv::w_sip(uint64 sip)
 194:src/../h/riscv.hpp **** {
 195:src/../h/riscv.hpp ****     __asm__ volatile ("csrw sip, %[sip]" : : [sip] "r"(sip));
 196:src/../h/riscv.hpp **** }
 197:src/../h/riscv.hpp **** 
 198:src/../h/riscv.hpp **** inline void Riscv::ms_sstatus(uint64 mask)
 199:src/../h/riscv.hpp **** {
 200:src/../h/riscv.hpp ****     __asm__ volatile ("csrs sstatus, %[mask]" : : [mask] "r"(mask));
 201:src/../h/riscv.hpp **** }
 202:src/../h/riscv.hpp **** 
 203:src/../h/riscv.hpp **** inline void Riscv::mc_sstatus(uint64 mask)
 204:src/../h/riscv.hpp **** {
 205:src/../h/riscv.hpp ****     __asm__ volatile ("csrc sstatus, %[mask]" : : [mask] "r"(mask));
 206:src/../h/riscv.hpp **** }
 207:src/../h/riscv.hpp **** 
 208:src/../h/riscv.hpp **** inline uint64 Riscv::r_sstatus()
 209:src/../h/riscv.hpp **** {
 210:src/../h/riscv.hpp ****     uint64 volatile sstatus;
  32              		.loc 2 210 5
 211:src/../h/riscv.hpp ****     __asm__ volatile ("csrr %[sstatus], sstatus" : [sstatus] "=r"(sstatus));
  33              		.loc 2 211 5
  34              		.loc 2 211 76 is_stmt 0
  35              	#APP
  36              	# 211 "src/../h/riscv.hpp" 1
 212              	    return sstatus;
  37              		csrr a5, sstatus
  38              	# 0 "" 2
  39              	#NO_APP
  40 0020 233CF4FC 		sd	a5,-40(s0)
  41              		.loc 2 212 5 is_stmt 1
  42              		.loc 2 212 12 is_stmt 0
  43 0024 033984FD 		ld	s2,-40(s0)
  44              	.LVL1:
  45              	.LBE15:
  46              	.LBE14:
  13:src/print.cpp ****     //zabrani prekide
  14:src/print.cpp ****     Riscv::mc_sstatus(Riscv::SSTATUS_SIE);
  47              		.loc 1 14 5 is_stmt 1
  48              	.LBB16:
  49              	.LBB17:
 205:src/../h/riscv.hpp **** }
  50              		.loc 2 205 5
 205:src/../h/riscv.hpp **** }
  51              		.loc 2 205 68 is_stmt 0
  52 0028 93072000 		li	a5,2
  53              	#APP
  54              	# 205 "src/../h/riscv.hpp" 1
  55              		csrc sstatus, a5
  56              	# 0 "" 2
  57              	.LVL2:
  58              	#NO_APP
GAS LISTING /tmp/ccFAjvyY.s 			page 6


  59              	.L3:
  60              	.LBE17:
  61              	.LBE16:
  15:src/print.cpp **** 
  16:src/print.cpp ****     while (*string != '\0')
  62              		.loc 1 16 5 is_stmt 1
  63              		.loc 1 16 20
  64              		.loc 1 16 12 is_stmt 0
  65 0030 03C50400 		lbu	a0,0(s1)
  66              		.loc 1 16 20
  67 0034 630A0500 		beqz	a0,.L2
  17:src/print.cpp ****     {
  18:src/print.cpp ****         __putc(*string);
  68              		.loc 1 18 9 is_stmt 1
  69              		.loc 1 18 15 is_stmt 0
  70 0038 97000000 		call	__putc@plt
  70      E7800000 
  71              	.LVL3:
  19:src/print.cpp ****         string++;
  72              		.loc 1 19 9 is_stmt 1
  73              		.loc 1 19 15 is_stmt 0
  74 0040 93841400 		addi	s1,s1,1
  75              	.LVL4:
  16:src/print.cpp ****     {
  76              		.loc 1 16 5
  77 0044 6FF0DFFE 		j	.L3
  78              	.L2:
  20:src/print.cpp ****     }
  21:src/print.cpp ****     //omoguci prekide ako su pre bili omoguceni, ako ne onda nemoj da ih omogucavas kad vec nisu bi
  22:src/print.cpp ****     Riscv::ms_sstatus(sstatus & Riscv::SSTATUS_SIE ? Riscv::SSTATUS_SIE : 0);
  79              		.loc 1 22 5 is_stmt 1
  80              		.loc 1 22 52 is_stmt 0
  81 0048 1B090900 		sext.w	s2,s2
  82              	.LVL5:
  83              		.loc 1 22 22
  84 004c 13792900 		andi	s2,s2,2
  85 0050 1B090900 		sext.w	s2,s2
  86              	.LVL6:
  87              	.LBB18:
  88              	.LBB19:
 200:src/../h/riscv.hpp **** }
  89              		.loc 2 200 5 is_stmt 1
 200:src/../h/riscv.hpp **** }
  90              		.loc 2 200 68 is_stmt 0
  91              	#APP
  92              	# 200 "src/../h/riscv.hpp" 1
  93              		csrs sstatus, s2
  94              	# 0 "" 2
  95              	.LVL7:
  96              	#NO_APP
  97              	.LBE19:
  98              	.LBE18:
  23:src/print.cpp **** }
  99              		.loc 1 23 1
 100 0058 83308102 		ld	ra,40(sp)
 101              		.cfi_restore 1
 102 005c 03340102 		ld	s0,32(sp)
GAS LISTING /tmp/ccFAjvyY.s 			page 7


 103              		.cfi_restore 8
 104              		.cfi_def_cfa 2, 48
 105 0060 83348101 		ld	s1,24(sp)
 106              		.cfi_restore 9
 107              	.LVL8:
 108 0064 03390101 		ld	s2,16(sp)
 109              		.cfi_restore 18
 110 0068 13010103 		addi	sp,sp,48
 111              		.cfi_def_cfa_offset 0
 112 006c 67800000 		jr	ra
 113              		.cfi_endproc
 114              	.LFE22:
 116              		.align	2
 117              		.globl	_Z12printIntegerm
 119              	_Z12printIntegerm:
 120              	.LFB23:
  24:src/print.cpp **** 
  25:src/print.cpp **** void printInteger(uint64 integer)
  26:src/print.cpp **** {
 121              		.loc 1 26 1 is_stmt 1
 122              		.cfi_startproc
 123              	.LVL9:
 124 0070 130101FC 		addi	sp,sp,-64
 125              		.cfi_def_cfa_offset 64
 126 0074 233C1102 		sd	ra,56(sp)
 127 0078 23388102 		sd	s0,48(sp)
 128 007c 23349102 		sd	s1,40(sp)
 129 0080 23302103 		sd	s2,32(sp)
 130              		.cfi_offset 1, -8
 131              		.cfi_offset 8, -16
 132              		.cfi_offset 9, -24
 133              		.cfi_offset 18, -32
 134 0084 13040104 		addi	s0,sp,64
 135              		.cfi_def_cfa 8, 0
  27:src/print.cpp ****     uint64 sstatus = Riscv::r_sstatus();
 136              		.loc 1 27 5
 137              	.LBB20:
 138              	.LBB21:
 210:src/../h/riscv.hpp ****     __asm__ volatile ("csrr %[sstatus], sstatus" : [sstatus] "=r"(sstatus));
 139              		.loc 2 210 5
 211:src/../h/riscv.hpp ****     return sstatus;
 140              		.loc 2 211 5
 211:src/../h/riscv.hpp ****     return sstatus;
 141              		.loc 2 211 76 is_stmt 0
 142              	#APP
 143              	# 211 "src/../h/riscv.hpp" 1
 144              		csrr a5, sstatus
 145              	# 0 "" 2
 146              	#NO_APP
 147 008c 2334F4FC 		sd	a5,-56(s0)
 148              		.loc 2 212 5 is_stmt 1
 149              		.loc 2 212 12 is_stmt 0
 150 0090 033984FC 		ld	s2,-56(s0)
 151              	.LVL10:
 152              	.LBE21:
 153              	.LBE20:
  28:src/print.cpp ****     //zabrani prekide
GAS LISTING /tmp/ccFAjvyY.s 			page 8


  29:src/print.cpp ****     Riscv::mc_sstatus(Riscv::SSTATUS_SIE);
 154              		.loc 1 29 5 is_stmt 1
 155              	.LBB22:
 156              	.LBB23:
 205:src/../h/riscv.hpp **** }
 157              		.loc 2 205 5
 205:src/../h/riscv.hpp **** }
 158              		.loc 2 205 68 is_stmt 0
 159 0094 93072000 		li	a5,2
 160              	#APP
 161              	# 205 "src/../h/riscv.hpp" 1
 162              		csrc sstatus, a5
 163              	# 0 "" 2
 164              	.LVL11:
 165              	#NO_APP
 166              	.LBE23:
 167              	.LBE22:
  30:src/print.cpp ****     static char digits[] = "0123456789";
 168              		.loc 1 30 5 is_stmt 1
  31:src/print.cpp ****     char buf[16];
 169              		.loc 1 31 5
  32:src/print.cpp ****     int i, neg;
 170              		.loc 1 32 5
  33:src/print.cpp ****     uint x;
 171              		.loc 1 33 5
  34:src/print.cpp **** 
  35:src/print.cpp ****     neg = 0;
 172              		.loc 1 35 5
  36:src/print.cpp ****     if (integer < 0)
 173              		.loc 1 36 5
  37:src/print.cpp ****     {
  38:src/print.cpp ****         neg = 1;
  39:src/print.cpp ****         x = -integer;
  40:src/print.cpp ****     } else
  41:src/print.cpp ****     {
  42:src/print.cpp ****         x = integer;
 174              		.loc 1 42 9
 175              		.loc 1 42 11 is_stmt 0
 176 009c 1B050500 		sext.w	a0,a0
 177              	.LVL12:
  43:src/print.cpp ****     }
  44:src/print.cpp **** 
  45:src/print.cpp ****     i = 0;
 178              		.loc 1 45 5 is_stmt 1
 179              		.loc 1 45 7 is_stmt 0
 180 00a0 93040000 		li	s1,0
 181              	.LVL13:
 182              	.L6:
  46:src/print.cpp ****     do
 183              		.loc 1 46 5 is_stmt 1
  47:src/print.cpp ****     {
  48:src/print.cpp ****         buf[i++] = digits[x % 10];
 184              		.loc 1 48 9
 185              		.loc 1 48 29 is_stmt 0
 186 00a4 1306A000 		li	a2,10
 187 00a8 3B77C502 		remuw	a4,a0,a2
 188              	.LVL14:
GAS LISTING /tmp/ccFAjvyY.s 			page 9


 189              		.loc 1 48 33
 190 00ac 93160702 		slli	a3,a4,32
 191 00b0 93D60602 		srli	a3,a3,32
 192 00b4 17070000 		lla	a4,.LANCHOR0
 192      13070700 
 193 00bc 3307D700 		add	a4,a4,a3
 194 00c0 03470700 		lbu	a4,0(a4)
 195              		.loc 1 48 18
 196 00c4 930604FE 		addi	a3,s0,-32
 197 00c8 B3879600 		add	a5,a3,s1
 198 00cc 9B841400 		addiw	s1,s1,1
 199              	.LVL15:
 200 00d0 2388E7FE 		sb	a4,-16(a5)
  49:src/print.cpp ****     } while ((x /= 10) != 0);
 201              		.loc 1 49 24 is_stmt 1
 202 00d4 1B070500 		sext.w	a4,a0
 203              		.loc 1 49 17 is_stmt 0
 204 00d8 3B55C502 		divuw	a0,a0,a2
 205              	.LVL16:
 206              		.loc 1 49 24
 207 00dc 93079000 		li	a5,9
 208 00e0 E3E2E7FC 		bgtu	a4,a5,.L6
 209              	.LVL17:
 210              	.L8:
  50:src/print.cpp ****     if (neg)
  51:src/print.cpp ****         buf[i++] = '-';
  52:src/print.cpp **** 
  53:src/print.cpp ****     while (--i >= 0)
 211              		.loc 1 53 5 is_stmt 1
 212              		.loc 1 53 16
 213 00e4 9B84F4FF 		addiw	s1,s1,-1
 214              	.LVL18:
 215 00e8 63CE0400 		bltz	s1,.L7
  54:src/print.cpp ****         __putc(buf[i]);
 216              		.loc 1 54 9
 217              		.loc 1 54 15 is_stmt 0
 218 00ec 930704FE 		addi	a5,s0,-32
 219 00f0 B3879700 		add	a5,a5,s1
 220 00f4 03C507FF 		lbu	a0,-16(a5)
 221 00f8 97000000 		call	__putc@plt
 221      E7800000 
 222              	.LVL19:
 223 0100 6FF05FFE 		j	.L8
 224              	.L7:
  55:src/print.cpp ****     Riscv::ms_sstatus(sstatus & Riscv::SSTATUS_SIE ? Riscv::SSTATUS_SIE : 0);
 225              		.loc 1 55 5 is_stmt 1
 226              		.loc 1 55 52 is_stmt 0
 227 0104 1B090900 		sext.w	s2,s2
 228              	.LVL20:
 229              		.loc 1 55 22
 230 0108 13792900 		andi	s2,s2,2
 231 010c 1B090900 		sext.w	s2,s2
 232              	.LVL21:
 233              	.LBB24:
 234              	.LBB25:
 200:src/../h/riscv.hpp **** }
 235              		.loc 2 200 5 is_stmt 1
GAS LISTING /tmp/ccFAjvyY.s 			page 10


 200:src/../h/riscv.hpp **** }
 236              		.loc 2 200 68 is_stmt 0
 237              	#APP
 238              	# 200 "src/../h/riscv.hpp" 1
 239              		csrs sstatus, s2
 240              	# 0 "" 2
 241              	.LVL22:
 242              	#NO_APP
 243              	.LBE25:
 244              	.LBE24:
  56:src/print.cpp **** }...
 245              		.loc 1 56 1
 246 0114 83308103 		ld	ra,56(sp)
 247              		.cfi_restore 1
 248 0118 03340103 		ld	s0,48(sp)
 249              		.cfi_restore 8
 250              		.cfi_def_cfa 2, 64
 251 011c 83348102 		ld	s1,40(sp)
 252              		.cfi_restore 9
 253 0120 03390102 		ld	s2,32(sp)
 254              		.cfi_restore 18
 255 0124 13010104 		addi	sp,sp,64
 256              		.cfi_def_cfa_offset 0
 257 0128 67800000 		jr	ra
 258              		.cfi_endproc
 259              	.LFE23:
 261              		.section	.rodata
 262              		.align	3
 263              		.set	.LANCHOR0,. + 0
 266              	_ZZ12printIntegermE6digits:
 267 0000 30313233 		.string	"0123456789"
 267      34353637 
 267      383900
 268              		.text
 269              	.Letext0:
 270              		.file 3 "src/../h/../lib/hw.h"
 271              		.file 4 "src/../lib/console.h"
GAS LISTING /tmp/ccFAjvyY.s 			page 11


DEFINED SYMBOLS
                            *ABS*:0000000000000000 print.cpp
     /tmp/ccFAjvyY.s:9      .text:0000000000000000 _Z8printStrPKc
     /tmp/ccFAjvyY.s:13     .text:0000000000000000 .L0 
     /tmp/ccFAjvyY.s:15     .text:0000000000000000 .L0 
     /tmp/ccFAjvyY.s:16     .text:0000000000000004 .L0 
     /tmp/ccFAjvyY.s:21     .text:0000000000000014 .L0 
     /tmp/ccFAjvyY.s:22     .text:0000000000000014 .L0 
     /tmp/ccFAjvyY.s:23     .text:0000000000000014 .L0 
     /tmp/ccFAjvyY.s:24     .text:0000000000000014 .L0 
     /tmp/ccFAjvyY.s:26     .text:0000000000000018 .L0 
     /tmp/ccFAjvyY.s:32     .text:000000000000001c .L0 
     /tmp/ccFAjvyY.s:33     .text:000000000000001c .L0 
     /tmp/ccFAjvyY.s:34     .text:000000000000001c .L0 
  src/../h/riscv.hpp:211    .text:000000000000001c .L0 
     /tmp/ccFAjvyY.s:42     .text:0000000000000024 .L0 
     /tmp/ccFAjvyY.s:43     .text:0000000000000024 .L0 
     /tmp/ccFAjvyY.s:50     .text:0000000000000028 .L0 
     /tmp/ccFAjvyY.s:51     .text:0000000000000028 .L0 
     /tmp/ccFAjvyY.s:52     .text:0000000000000028 .L0 
     /tmp/ccFAjvyY.s:63     .text:0000000000000030 .L0 
     /tmp/ccFAjvyY.s:64     .text:0000000000000030 .L0 
     /tmp/ccFAjvyY.s:65     .text:0000000000000030 .L0 
     /tmp/ccFAjvyY.s:67     .text:0000000000000034 .L0 
     /tmp/ccFAjvyY.s:69     .text:0000000000000038 .L0 
     /tmp/ccFAjvyY.s:70     .text:0000000000000038 .L0 
     /tmp/ccFAjvyY.s:73     .text:0000000000000040 .L0 
     /tmp/ccFAjvyY.s:74     .text:0000000000000040 .L0 
     /tmp/ccFAjvyY.s:77     .text:0000000000000044 .L0 
     /tmp/ccFAjvyY.s:80     .text:0000000000000048 .L0 
     /tmp/ccFAjvyY.s:81     .text:0000000000000048 .L0 
     /tmp/ccFAjvyY.s:84     .text:000000000000004c .L0 
     /tmp/ccFAjvyY.s:90     .text:0000000000000054 .L0 
  src/../h/riscv.hpp:200    .text:0000000000000054 .L0 
     /tmp/ccFAjvyY.s:100    .text:0000000000000058 .L0 
     /tmp/ccFAjvyY.s:101    .text:000000000000005c .L0 
     /tmp/ccFAjvyY.s:103    .text:0000000000000060 .L0 
     /tmp/ccFAjvyY.s:104    .text:0000000000000060 .L0 
     /tmp/ccFAjvyY.s:106    .text:0000000000000064 .L0 
     /tmp/ccFAjvyY.s:109    .text:0000000000000068 .L0 
     /tmp/ccFAjvyY.s:111    .text:000000000000006c .L0 
     /tmp/ccFAjvyY.s:113    .text:0000000000000070 .L0 
     /tmp/ccFAjvyY.s:119    .text:0000000000000070 _Z12printIntegerm
     /tmp/ccFAjvyY.s:122    .text:0000000000000070 .L0 
     /tmp/ccFAjvyY.s:124    .text:0000000000000070 .L0 
     /tmp/ccFAjvyY.s:125    .text:0000000000000074 .L0 
     /tmp/ccFAjvyY.s:130    .text:0000000000000084 .L0 
     /tmp/ccFAjvyY.s:131    .text:0000000000000084 .L0 
     /tmp/ccFAjvyY.s:132    .text:0000000000000084 .L0 
     /tmp/ccFAjvyY.s:133    .text:0000000000000084 .L0 
     /tmp/ccFAjvyY.s:135    .text:0000000000000088 .L0 
     /tmp/ccFAjvyY.s:139    .text:0000000000000088 .L0 
     /tmp/ccFAjvyY.s:140    .text:0000000000000088 .L0 
     /tmp/ccFAjvyY.s:141    .text:0000000000000088 .L0 
  src/../h/riscv.hpp:211    .text:0000000000000088 .L0 
     /tmp/ccFAjvyY.s:149    .text:0000000000000090 .L0 
     /tmp/ccFAjvyY.s:150    .text:0000000000000090 .L0 
GAS LISTING /tmp/ccFAjvyY.s 			page 12


     /tmp/ccFAjvyY.s:157    .text:0000000000000094 .L0 
     /tmp/ccFAjvyY.s:158    .text:0000000000000094 .L0 
     /tmp/ccFAjvyY.s:159    .text:0000000000000094 .L0 
     /tmp/ccFAjvyY.s:169    .text:000000000000009c .L0 
     /tmp/ccFAjvyY.s:170    .text:000000000000009c .L0 
     /tmp/ccFAjvyY.s:171    .text:000000000000009c .L0 
     /tmp/ccFAjvyY.s:172    .text:000000000000009c .L0 
     /tmp/ccFAjvyY.s:173    .text:000000000000009c .L0 
     /tmp/ccFAjvyY.s:174    .text:000000000000009c .L0 
     /tmp/ccFAjvyY.s:175    .text:000000000000009c .L0 
     /tmp/ccFAjvyY.s:176    .text:000000000000009c .L0 
     /tmp/ccFAjvyY.s:179    .text:00000000000000a0 .L0 
     /tmp/ccFAjvyY.s:180    .text:00000000000000a0 .L0 
     /tmp/ccFAjvyY.s:184    .text:00000000000000a4 .L0 
     /tmp/ccFAjvyY.s:185    .text:00000000000000a4 .L0 
     /tmp/ccFAjvyY.s:186    .text:00000000000000a4 .L0 
     /tmp/ccFAjvyY.s:190    .text:00000000000000ac .L0 
     /tmp/ccFAjvyY.s:196    .text:00000000000000c4 .L0 
     /tmp/ccFAjvyY.s:202    .text:00000000000000d4 .L0 
     /tmp/ccFAjvyY.s:204    .text:00000000000000d8 .L0 
     /tmp/ccFAjvyY.s:207    .text:00000000000000dc .L0 
     /tmp/ccFAjvyY.s:212    .text:00000000000000e4 .L0 
     /tmp/ccFAjvyY.s:213    .text:00000000000000e4 .L0 
     /tmp/ccFAjvyY.s:217    .text:00000000000000ec .L0 
     /tmp/ccFAjvyY.s:218    .text:00000000000000ec .L0 
     /tmp/ccFAjvyY.s:226    .text:0000000000000104 .L0 
     /tmp/ccFAjvyY.s:227    .text:0000000000000104 .L0 
     /tmp/ccFAjvyY.s:230    .text:0000000000000108 .L0 
     /tmp/ccFAjvyY.s:236    .text:0000000000000110 .L0 
  src/../h/riscv.hpp:200    .text:0000000000000110 .L0 
     /tmp/ccFAjvyY.s:246    .text:0000000000000114 .L0 
     /tmp/ccFAjvyY.s:247    .text:0000000000000118 .L0 
     /tmp/ccFAjvyY.s:249    .text:000000000000011c .L0 
     /tmp/ccFAjvyY.s:250    .text:000000000000011c .L0 
     /tmp/ccFAjvyY.s:252    .text:0000000000000120 .L0 
     /tmp/ccFAjvyY.s:254    .text:0000000000000124 .L0 
     /tmp/ccFAjvyY.s:256    .text:0000000000000128 .L0 
     /tmp/ccFAjvyY.s:258    .text:000000000000012c .L0 
     /tmp/ccFAjvyY.s:263    .rodata:0000000000000000 .LANCHOR0
     /tmp/ccFAjvyY.s:266    .rodata:0000000000000000 _ZZ12printIntegermE6digits
     /tmp/ccFAjvyY.s:272    .text:000000000000012c .L0 
     /tmp/ccFAjvyY.s:192    .text:00000000000000b4 .L0 
     /tmp/ccFAjvyY.s:78     .text:0000000000000048 .L2
     /tmp/ccFAjvyY.s:59     .text:0000000000000030 .L3
     /tmp/ccFAjvyY.s:182    .text:00000000000000a4 .L6
     /tmp/ccFAjvyY.s:224    .text:0000000000000104 .L7
     /tmp/ccFAjvyY.s:210    .text:00000000000000e4 .L8
     /tmp/ccFAjvyY.s:979    .debug_abbrev:0000000000000000 .Ldebug_abbrev0
     /tmp/ccFAjvyY.s:1840   .debug_str:0000000000000477 .LASF91
     /tmp/ccFAjvyY.s:1858   .debug_str:00000000000005b7 .LASF92
     /tmp/ccFAjvyY.s:1740   .debug_str:00000000000001c8 .LASF93
     /tmp/ccFAjvyY.s:5      .text:0000000000000000 .Ltext0
     /tmp/ccFAjvyY.s:269    .text:000000000000012c .Letext0
     /tmp/ccFAjvyY.s:1672   .debug_line:0000000000000000 .Ldebug_line0
     /tmp/ccFAjvyY.s:1784   .debug_str:0000000000000317 .LASF0
     /tmp/ccFAjvyY.s:1714   .debug_str:00000000000000f8 .LASF3
     /tmp/ccFAjvyY.s:1792   .debug_str:0000000000000336 .LASF1
GAS LISTING /tmp/ccFAjvyY.s 			page 13


     /tmp/ccFAjvyY.s:1776   .debug_str:00000000000002db .LASF2
     /tmp/ccFAjvyY.s:1760   .debug_str:0000000000000261 .LASF4
     /tmp/ccFAjvyY.s:1822   .debug_str:00000000000003fc .LASF5
     /tmp/ccFAjvyY.s:1692   .debug_str:000000000000006f .LASF6
     /tmp/ccFAjvyY.s:1796   .debug_str:000000000000035a .LASF7
     /tmp/ccFAjvyY.s:1782   .debug_str:0000000000000304 .LASF8
     /tmp/ccFAjvyY.s:1850   .debug_str:0000000000000572 .LASF9
     /tmp/ccFAjvyY.s:1748   .debug_str:0000000000000207 .LASF10
     /tmp/ccFAjvyY.s:1806   .debug_str:0000000000000381 .LASF11
     /tmp/ccFAjvyY.s:1844   .debug_str:0000000000000540 .LASF12
     /tmp/ccFAjvyY.s:1698   .debug_str:0000000000000087 .LASF13
     /tmp/ccFAjvyY.s:1678   .debug_str:0000000000000022 .LASF14
     /tmp/ccFAjvyY.s:1710   .debug_str:00000000000000db .LASF15
     /tmp/ccFAjvyY.s:1816   .debug_str:00000000000003bd .LASF16
     /tmp/ccFAjvyY.s:1718   .debug_str:0000000000000109 .LASF17
     /tmp/ccFAjvyY.s:1790   .debug_str:0000000000000330 .LASF94
     /tmp/ccFAjvyY.s:1722   .debug_str:0000000000000133 .LASF95
     /tmp/ccFAjvyY.s:1716   .debug_str:00000000000000fd .LASF18
     /tmp/ccFAjvyY.s:1770   .debug_str:00000000000002ad .LASF19
     /tmp/ccFAjvyY.s:1694   .debug_str:0000000000000076 .LASF20
     /tmp/ccFAjvyY.s:1812   .debug_str:00000000000003ab .LASF21
     /tmp/ccFAjvyY.s:1860   .debug_str:00000000000005c5 .LASF23
     /tmp/ccFAjvyY.s:1690   .debug_str:0000000000000061 .LASF22
     /tmp/ccFAjvyY.s:1728   .debug_str:0000000000000160 .LASF24
     /tmp/ccFAjvyY.s:1830   .debug_str:0000000000000439 .LASF25
     /tmp/ccFAjvyY.s:1676   .debug_str:0000000000000008 .LASF26
     /tmp/ccFAjvyY.s:1680   .debug_str:0000000000000032 .LASF27
     /tmp/ccFAjvyY.s:1828   .debug_str:0000000000000424 .LASF29
     /tmp/ccFAjvyY.s:1726   .debug_str:0000000000000157 .LASF31
     /tmp/ccFAjvyY.s:1724   .debug_str:0000000000000142 .LASF33
     /tmp/ccFAjvyY.s:1824   .debug_str:000000000000040e .LASF28
     /tmp/ccFAjvyY.s:1808   .debug_str:0000000000000390 .LASF30
     /tmp/ccFAjvyY.s:1838   .debug_str:0000000000000470 .LASF32
     /tmp/ccFAjvyY.s:1832   .debug_str:0000000000000446 .LASF34
     /tmp/ccFAjvyY.s:1744   .debug_str:00000000000001f9 .LASF35
     /tmp/ccFAjvyY.s:1720   .debug_str:000000000000011f .LASF36
     /tmp/ccFAjvyY.s:1674   .debug_str:0000000000000000 .LASF37
     /tmp/ccFAjvyY.s:1754   .debug_str:0000000000000230 .LASF38
     /tmp/ccFAjvyY.s:1732   .debug_str:000000000000018c .LASF39
     /tmp/ccFAjvyY.s:1704   .debug_str:00000000000000a1 .LASF40
     /tmp/ccFAjvyY.s:1866   .debug_str:00000000000005f9 .LASF41
     /tmp/ccFAjvyY.s:1734   .debug_str:0000000000000194 .LASF42
     /tmp/ccFAjvyY.s:1786   .debug_str:0000000000000324 .LASF43
     /tmp/ccFAjvyY.s:1856   .debug_str:00000000000005a4 .LASF44
     /tmp/ccFAjvyY.s:1688   .debug_str:000000000000005a .LASF45
     /tmp/ccFAjvyY.s:1742   .debug_str:00000000000001e6 .LASF46
     /tmp/ccFAjvyY.s:1746   .debug_str:0000000000000201 .LASF47
     /tmp/ccFAjvyY.s:1836   .debug_str:000000000000045e .LASF48
     /tmp/ccFAjvyY.s:1684   .debug_str:000000000000004c .LASF49
     /tmp/ccFAjvyY.s:1870   .debug_str:0000000000000606 .LASF50
     /tmp/ccFAjvyY.s:1864   .debug_str:00000000000005ee .LASF51
     /tmp/ccFAjvyY.s:1820   .debug_str:00000000000003e4 .LASF52
     /tmp/ccFAjvyY.s:1764   .debug_str:0000000000000279 .LASF53
     /tmp/ccFAjvyY.s:1772   .debug_str:00000000000002ba .LASF54
     /tmp/ccFAjvyY.s:1708   .debug_str:00000000000000d1 .LASF55
     /tmp/ccFAjvyY.s:1756   .debug_str:0000000000000244 .LASF56
     /tmp/ccFAjvyY.s:1778   .debug_str:00000000000002e9 .LASF57
GAS LISTING /tmp/ccFAjvyY.s 			page 14


     /tmp/ccFAjvyY.s:1752   .debug_str:000000000000021a .LASF58
     /tmp/ccFAjvyY.s:1826   .debug_str:0000000000000415 .LASF59
     /tmp/ccFAjvyY.s:1706   .debug_str:00000000000000b5 .LASF60
     /tmp/ccFAjvyY.s:1834   .debug_str:0000000000000459 .LASF61
     /tmp/ccFAjvyY.s:1730   .debug_str:000000000000017b .LASF62
     /tmp/ccFAjvyY.s:1750   .debug_str:0000000000000215 .LASF63
     /tmp/ccFAjvyY.s:1780   .debug_str:00000000000002f3 .LASF64
     /tmp/ccFAjvyY.s:1798   .debug_str:000000000000036d .LASF65
     /tmp/ccFAjvyY.s:1862   .debug_str:00000000000005dd .LASF66
     /tmp/ccFAjvyY.s:1696   .debug_str:0000000000000082 .LASF67
     /tmp/ccFAjvyY.s:1762   .debug_str:0000000000000268 .LASF68
     /tmp/ccFAjvyY.s:1800   .debug_str:0000000000000372 .LASF69
     /tmp/ccFAjvyY.s:1846   .debug_str:000000000000054f .LASF70
     /tmp/ccFAjvyY.s:1788   .debug_str:000000000000032b .LASF71
     /tmp/ccFAjvyY.s:1738   .debug_str:00000000000001b7 .LASF72
     /tmp/ccFAjvyY.s:1804   .debug_str:000000000000037c .LASF73
     /tmp/ccFAjvyY.s:1818   .debug_str:00000000000003d3 .LASF74
     /tmp/ccFAjvyY.s:1700   .debug_str:0000000000000097 .LASF75
     /tmp/ccFAjvyY.s:1712   .debug_str:00000000000000e7 .LASF76
     /tmp/ccFAjvyY.s:1842   .debug_str:000000000000053b .LASF77
     /tmp/ccFAjvyY.s:1794   .debug_str:0000000000000349 .LASF78
     /tmp/ccFAjvyY.s:1702   .debug_str:000000000000009c .LASF79
     /tmp/ccFAjvyY.s:1682   .debug_str:000000000000003b .LASF80
     /tmp/ccFAjvyY.s:1852   .debug_str:0000000000000582 .LASF96
     /tmp/ccFAjvyY.s:1768   .debug_str:000000000000028b .LASF97
     /tmp/ccFAjvyY.s:1854   .debug_str:0000000000000597 .LASF84
     /tmp/ccFAjvyY.s:1848   .debug_str:0000000000000560 .LASF86
     /tmp/ccFAjvyY.s:120    .text:0000000000000070 .LFB23
     /tmp/ccFAjvyY.s:259    .text:000000000000012c .LFE23
     /tmp/ccFAjvyY.s:1686   .debug_str:0000000000000052 .LASF88
     /tmp/ccFAjvyY.s:1546   .debug_loc:0000000000000000 .LLST4
     /tmp/ccFAjvyY.s:1810   .debug_str:00000000000003a3 .LASF81
     /tmp/ccFAjvyY.s:1560   .debug_loc:0000000000000039 .LLST5
     /tmp/ccFAjvyY.s:1766   .debug_str:0000000000000284 .LASF82
     /tmp/ccFAjvyY.s:1567   .debug_loc:000000000000005c .LLST6
     /tmp/ccFAjvyY.s:1589   .debug_loc:00000000000000bb .LLST7
     /tmp/ccFAjvyY.s:137    .text:0000000000000088 .LBB20
     /tmp/ccFAjvyY.s:153    .text:0000000000000094 .LBE20
     /tmp/ccFAjvyY.s:155    .text:0000000000000094 .LBB22
     /tmp/ccFAjvyY.s:167    .text:000000000000009c .LBE22
     /tmp/ccFAjvyY.s:1611   .debug_loc:00000000000000fc .LLST8
     /tmp/ccFAjvyY.s:233    .text:0000000000000110 .LBB24
     /tmp/ccFAjvyY.s:244    .text:0000000000000114 .LBE24
     /tmp/ccFAjvyY.s:1619   .debug_loc:0000000000000120 .LLST9
     /tmp/ccFAjvyY.s:222    .text:0000000000000100 .LVL19
     /tmp/ccFAjvyY.s:1802   .debug_str:0000000000000377 .LASF83
     /tmp/ccFAjvyY.s:1774   .debug_str:00000000000002d2 .LASF85
     /tmp/ccFAjvyY.s:1736   .debug_str:00000000000001a8 .LASF87
     /tmp/ccFAjvyY.s:10     .text:0000000000000000 .LFB22
     /tmp/ccFAjvyY.s:114    .text:0000000000000070 .LFE22
     /tmp/ccFAjvyY.s:1758   .debug_str:000000000000025a .LASF89
     /tmp/ccFAjvyY.s:1626   .debug_loc:0000000000000143 .LLST0
     /tmp/ccFAjvyY.s:1637   .debug_loc:0000000000000179 .LLST1
     /tmp/ccFAjvyY.s:29     .text:000000000000001c .LBB14
     /tmp/ccFAjvyY.s:46     .text:0000000000000028 .LBE14
     /tmp/ccFAjvyY.s:48     .text:0000000000000028 .LBB16
     /tmp/ccFAjvyY.s:61     .text:0000000000000030 .LBE16
GAS LISTING /tmp/ccFAjvyY.s 			page 15


     /tmp/ccFAjvyY.s:1644   .debug_loc:000000000000019c .LLST2
     /tmp/ccFAjvyY.s:87     .text:0000000000000054 .LBB18
     /tmp/ccFAjvyY.s:98     .text:0000000000000058 .LBE18
     /tmp/ccFAjvyY.s:1652   .debug_loc:00000000000001c0 .LLST3
     /tmp/ccFAjvyY.s:71     .text:0000000000000040 .LVL3
     /tmp/ccFAjvyY.s:1868   .debug_str:0000000000000601 .LASF90
     /tmp/ccFAjvyY.s:1814   .debug_str:00000000000003b6 .LASF98
     /tmp/ccFAjvyY.s:123    .text:0000000000000070 .LVL9
     /tmp/ccFAjvyY.s:177    .text:00000000000000a0 .LVL12
     /tmp/ccFAjvyY.s:151    .text:0000000000000094 .LVL10
     /tmp/ccFAjvyY.s:228    .text:0000000000000108 .LVL20
     /tmp/ccFAjvyY.s:181    .text:00000000000000a4 .LVL13
     /tmp/ccFAjvyY.s:188    .text:00000000000000ac .LVL14
     /tmp/ccFAjvyY.s:199    .text:00000000000000d0 .LVL15
     /tmp/ccFAjvyY.s:209    .text:00000000000000e4 .LVL17
     /tmp/ccFAjvyY.s:214    .text:00000000000000e8 .LVL18
     /tmp/ccFAjvyY.s:205    .text:00000000000000dc .LVL16
     /tmp/ccFAjvyY.s:164    .text:000000000000009c .LVL11
     /tmp/ccFAjvyY.s:232    .text:0000000000000110 .LVL21
     /tmp/ccFAjvyY.s:241    .text:0000000000000114 .LVL22
     /tmp/ccFAjvyY.s:14     .text:0000000000000000 .LVL0
     /tmp/ccFAjvyY.s:57     .text:0000000000000030 .LVL2
     /tmp/ccFAjvyY.s:107    .text:0000000000000064 .LVL8
     /tmp/ccFAjvyY.s:44     .text:0000000000000028 .LVL1
     /tmp/ccFAjvyY.s:82     .text:000000000000004c .LVL5
     /tmp/ccFAjvyY.s:86     .text:0000000000000054 .LVL6
     /tmp/ccFAjvyY.s:95     .text:0000000000000058 .LVL7
     /tmp/ccFAjvyY.s:273    .debug_info:0000000000000000 .Ldebug_info0

UNDEFINED SYMBOLS
__putc
