GAS LISTING /tmp/cc7VSLoX.s 			page 1


   1              		.file	"scheduler.cpp"
   2              		.option pic
   3              		.option norelax
   4              		.text
   5              	.Ltext0:
   6              		.align	2
   8              	_Z41__static_initialization_and_destruction_0ii:
   9              	.LFB20:
  10              		.file 1 "src/scheduler.cpp"
   1:src/scheduler.cpp **** //
   2:src/scheduler.cpp **** // Created by marko on 20.4.22..
   3:src/scheduler.cpp **** //
   4:src/scheduler.cpp **** 
   5:src/scheduler.cpp **** #include "../h/scheduler.hpp"
   6:src/scheduler.cpp **** #include "../h/print.hpp"
   7:src/scheduler.cpp **** 
   8:src/scheduler.cpp **** List<TCB> Scheduler::readyThreadQueue;
   9:src/scheduler.cpp **** 
  10:src/scheduler.cpp **** TCB *Scheduler::get()
  11:src/scheduler.cpp **** {
  12:src/scheduler.cpp ****     //printStr("Got from Scheduler\n");
  13:src/scheduler.cpp ****     return readyThreadQueue.removeFirst();
  14:src/scheduler.cpp **** }
  15:src/scheduler.cpp **** 
  16:src/scheduler.cpp **** void Scheduler::put(TCB *tcb)
  17:src/scheduler.cpp **** {
  18:src/scheduler.cpp ****     readyThreadQueue.addLast(tcb);
  19:src/scheduler.cpp ****     //printStr("Put into Scheduler\n");
  20:src/scheduler.cpp **** }...
  11              		.loc 1 20 1
  12              		.cfi_startproc
  13              	.LVL0:
  14 0000 130101FF 		addi	sp,sp,-16
  15              		.cfi_def_cfa_offset 16
  16 0004 23348100 		sd	s0,8(sp)
  17              		.cfi_offset 8, -8
  18 0008 13040101 		addi	s0,sp,16
  19              		.cfi_def_cfa 8, 0
  20              		.loc 1 20 1 is_stmt 0
  21 000c 93071000 		li	a5,1
  22 0010 6308F500 		beq	a0,a5,.L4
  23              	.L1:
  24 0014 03348100 		ld	s0,8(sp)
  25              		.cfi_remember_state
  26              		.cfi_restore 8
  27              		.cfi_def_cfa 2, 16
  28 0018 13010101 		addi	sp,sp,16
  29              		.cfi_def_cfa_offset 0
  30 001c 67800000 		jr	ra
  31              	.L4:
  32              		.cfi_restore_state
  33              		.loc 1 20 1 discriminator 1
  34 0020 B7070100 		li	a5,65536
  35 0024 9387F7FF 		addi	a5,a5,-1
  36 0028 E396F5FE 		bne	a1,a5,.L1
  37              	.LVL1:
  38              	.LBB13:
GAS LISTING /tmp/cc7VSLoX.s 			page 2


  39              	.LBB14:
  40              	.LBB15:
  41              		.file 2 "src/../h/list.hpp"
   1:src/../h/list.hpp **** //
   2:src/../h/list.hpp **** // Created by marko on 20.4.22..
   3:src/../h/list.hpp **** //
   4:src/../h/list.hpp **** 
   5:src/../h/list.hpp **** #ifndef OS1_VEZBE07_RISCV_CONTEXT_SWITCH_1_SYNCHRONOUS_LIST_HPP
   6:src/../h/list.hpp **** #define OS1_VEZBE07_RISCV_CONTEXT_SWITCH_1_SYNCHRONOUS_LIST_HPP
   7:src/../h/list.hpp **** 
   8:src/../h/list.hpp **** //#include "../test/printing.hpp"
   9:src/../h/list.hpp **** #include "MemoryAllocator.hpp"
  10:src/../h/list.hpp **** template<typename T>
  11:src/../h/list.hpp **** class List
  12:src/../h/list.hpp **** {
  13:src/../h/list.hpp **** private:
  14:src/../h/list.hpp **** 
  15:src/../h/list.hpp ****     void *operator new(size_t n)
  16:src/../h/list.hpp ****     {
  17:src/../h/list.hpp ****         //return __mem_alloc(n);
  18:src/../h/list.hpp ****         //printInteger(n);
  19:src/../h/list.hpp ****         return MemoryAllocator::mem_alloc(n);
  20:src/../h/list.hpp **** 
  21:src/../h/list.hpp ****     }
  22:src/../h/list.hpp **** 
  23:src/../h/list.hpp ****     void *operator new[](size_t n)
  24:src/../h/list.hpp ****     {
  25:src/../h/list.hpp ****         //return __mem_alloc(n);
  26:src/../h/list.hpp ****         //printStr("\nSize passed to the new operator");
  27:src/../h/list.hpp ****         //printInteger(n);
  28:src/../h/list.hpp ****         return MemoryAllocator::mem_alloc(n);
  29:src/../h/list.hpp **** 
  30:src/../h/list.hpp ****     }
  31:src/../h/list.hpp ****     void operator delete(void *p)
  32:src/../h/list.hpp ****     {
  33:src/../h/list.hpp ****         // mem_free(p);
  34:src/../h/list.hpp ****         MemoryAllocator::mem_free(p);
  35:src/../h/list.hpp ****     }
  36:src/../h/list.hpp **** 
  37:src/../h/list.hpp ****     void operator delete[](void *p)
  38:src/../h/list.hpp ****     {
  39:src/../h/list.hpp ****         //mem_free(p);
  40:src/../h/list.hpp ****         MemoryAllocator::mem_free(p);
  41:src/../h/list.hpp ****     }
  42:src/../h/list.hpp **** 
  43:src/../h/list.hpp ****     struct Elem
  44:src/../h/list.hpp ****     {
  45:src/../h/list.hpp ****         T *data;
  46:src/../h/list.hpp ****         Elem *next;
  47:src/../h/list.hpp **** 
  48:src/../h/list.hpp ****         Elem(T *data, Elem *next) : data(data), next(next) {}
  49:src/../h/list.hpp ****     };
  50:src/../h/list.hpp **** 
  51:src/../h/list.hpp ****     Elem *head, *tail;
  52:src/../h/list.hpp **** 
  53:src/../h/list.hpp **** public:
  54:src/../h/list.hpp ****     List() : head(0), tail(0) {}
GAS LISTING /tmp/cc7VSLoX.s 			page 3


  42              		.loc 2 54 29
  43 002c 97070000 		lla	a5,.LANCHOR0
  43      93870700 
  44 0034 23B00700 		sd	zero,0(a5)
  45 0038 23B40700 		sd	zero,8(a5)
  46              	.LVL2:
  47              	.LBE15:
  48              	.LBE14:
  49              	.LBE13:
  50              		.loc 1 20 1
  51 003c 6FF09FFD 		j	.L1
  52              		.cfi_endproc
  53              	.LFE20:
  55              		.align	2
  56              		.globl	_ZN9Scheduler3getEv
  58              	_ZN9Scheduler3getEv:
  59              	.LFB12:
  11:src/scheduler.cpp **** {
  60              		.loc 1 11 1 is_stmt 1
  61              		.cfi_startproc
  62 0040 130101FE 		addi	sp,sp,-32
  63              		.cfi_def_cfa_offset 32
  64 0044 233C1100 		sd	ra,24(sp)
  65 0048 23388100 		sd	s0,16(sp)
  66 004c 23349100 		sd	s1,8(sp)
  67              		.cfi_offset 1, -8
  68              		.cfi_offset 8, -16
  69              		.cfi_offset 9, -24
  70 0050 13040102 		addi	s0,sp,32
  71              		.cfi_def_cfa 8, 0
  13:src/scheduler.cpp ****     return readyThreadQueue.removeFirst();
  72              		.loc 1 13 5
  73              	.LVL3:
  74              	.LBB16:
  75              	.LBB17:
  55:src/../h/list.hpp **** 
  56:src/../h/list.hpp ****     List(const List<T> &) = delete;
  57:src/../h/list.hpp **** 
  58:src/../h/list.hpp ****     List<T> &operator=(const List<T> &) = delete;
  59:src/../h/list.hpp **** 
  60:src/../h/list.hpp ****     void addFirst(T *data)
  61:src/../h/list.hpp ****     {
  62:src/../h/list.hpp **** //        printInt(sizeof(Elem));
  63:src/../h/list.hpp **** //        printString("\n");
  64:src/../h/list.hpp ****         //Elem *elem = new Elem(data, head);
  65:src/../h/list.hpp ****         Elem *elem = (Elem*) MemoryAllocator::mem_alloc(sizeof(Elem));
  66:src/../h/list.hpp ****         elem->data = data;
  67:src/../h/list.hpp ****         elem->next = nullptr;
  68:src/../h/list.hpp ****         head = elem;
  69:src/../h/list.hpp ****         if (!tail) { tail = head; }
  70:src/../h/list.hpp ****     }
  71:src/../h/list.hpp **** 
  72:src/../h/list.hpp ****     void addLast(T *data)
  73:src/../h/list.hpp ****     {
  74:src/../h/list.hpp ****         //printStr("Added to the Scheduler List!!!!\n");
  75:src/../h/list.hpp ****         //Elem *elem = new Elem(data, 0);
  76:src/../h/list.hpp ****         Elem *elem = (Elem*) MemoryAllocator::mem_alloc(sizeof(Elem));
GAS LISTING /tmp/cc7VSLoX.s 			page 4


  77:src/../h/list.hpp ****         elem->data = data;
  78:src/../h/list.hpp ****         elem->next = nullptr;
  79:src/../h/list.hpp ****         if (tail)
  80:src/../h/list.hpp ****         {
  81:src/../h/list.hpp ****             tail->next = elem;
  82:src/../h/list.hpp ****             tail = elem;
  83:src/../h/list.hpp ****         } else
  84:src/../h/list.hpp ****         {
  85:src/../h/list.hpp ****             head = tail = elem;
  86:src/../h/list.hpp ****         }
  87:src/../h/list.hpp ****         //printStr("Added to the Scheduler List!!!!\n");
  88:src/../h/list.hpp ****     }
  89:src/../h/list.hpp **** 
  90:src/../h/list.hpp ****     T *removeFirst()
  91:src/../h/list.hpp ****     {
  92:src/../h/list.hpp ****         if (!head) { return 0; }
  76              		.loc 2 92 14 is_stmt 0
  77 0054 17050000 		ld	a0,.LANCHOR0
  77      03350500 
  78              		.loc 2 92 9
  79 005c 63020504 		beqz	a0,.L8
  80              	.LVL4:
  93:src/../h/list.hpp **** 
  94:src/../h/list.hpp ****         Elem *elem = head;
  95:src/../h/list.hpp ****         head = head->next;
  81              		.loc 2 95 22
  82 0060 83378500 		ld	a5,8(a0)
  83              		.loc 2 95 9
  84 0064 17070000 		sd	a5,.LANCHOR0,a4
  84      2330F700 
  96:src/../h/list.hpp ****         if (!head) { tail = 0; }
  85              		.loc 2 96 9
  86 006c 63840702 		beqz	a5,.L10
  87              	.L7:
  97:src/../h/list.hpp **** 
  98:src/../h/list.hpp ****         T *ret = elem->data;
  88              		.loc 2 98 12
  89 0070 83340500 		ld	s1,0(a0)
  90              	.LVL5:
  91              	.LBB18:
  92              	.LBB19:
  34:src/../h/list.hpp ****     }
  93              		.loc 2 34 34
  94 0074 97000000 		call	_ZN15MemoryAllocator8mem_freeEPv@plt
  94      E7800000 
  95              	.LVL6:
  96              	.L5:
  97              	.LBE19:
  98              	.LBE18:
  99              	.LBE17:
 100              	.LBE16:
  14:src/scheduler.cpp **** }
 101              		.loc 1 14 1
 102 007c 13850400 		mv	a0,s1
 103 0080 83308101 		ld	ra,24(sp)
 104              		.cfi_remember_state
 105              		.cfi_restore 1
GAS LISTING /tmp/cc7VSLoX.s 			page 5


 106 0084 03340101 		ld	s0,16(sp)
 107              		.cfi_restore 8
 108              		.cfi_def_cfa 2, 32
 109 0088 83348100 		ld	s1,8(sp)
 110              		.cfi_restore 9
 111 008c 13010102 		addi	sp,sp,32
 112              		.cfi_def_cfa_offset 0
 113 0090 67800000 		jr	ra
 114              	.LVL7:
 115              	.L10:
 116              		.cfi_restore_state
 117              	.LBB21:
 118              	.LBB20:
  96:src/../h/list.hpp **** 
 119              		.loc 2 96 22
 120 0094 97070000 		sd	zero,.LANCHOR0+8,a5
 120      23B00700 
 121 009c 6FF05FFD 		j	.L7
 122              	.LVL8:
 123              	.L8:
  92:src/../h/list.hpp **** 
 124              		.loc 2 92 29
 125 00a0 93040500 		mv	s1,a0
 126              	.LVL9:
 127              	.LBE20:
 128              	.LBE21:
  13:src/scheduler.cpp ****     return readyThreadQueue.removeFirst();
 129              		.loc 1 13 41
 130 00a4 6FF09FFD 		j	.L5
 131              		.cfi_endproc
 132              	.LFE12:
 134              		.align	2
 135              		.globl	_ZN9Scheduler3putEP3TCB
 137              	_ZN9Scheduler3putEP3TCB:
 138              	.LFB13:
  17:src/scheduler.cpp **** {
 139              		.loc 1 17 1 is_stmt 1
 140              		.cfi_startproc
 141              	.LVL10:
 142 00a8 130101FE 		addi	sp,sp,-32
 143              		.cfi_def_cfa_offset 32
 144 00ac 233C1100 		sd	ra,24(sp)
 145 00b0 23388100 		sd	s0,16(sp)
 146 00b4 23349100 		sd	s1,8(sp)
 147              		.cfi_offset 1, -8
 148              		.cfi_offset 8, -16
 149              		.cfi_offset 9, -24
 150 00b8 13040102 		addi	s0,sp,32
 151              		.cfi_def_cfa 8, 0
 152 00bc 93040500 		mv	s1,a0
  18:src/scheduler.cpp ****     readyThreadQueue.addLast(tcb);
 153              		.loc 1 18 5
 154              	.LVL11:
 155              	.LBB22:
 156              	.LBB23:
  76:src/../h/list.hpp ****         elem->data = data;
 157              		.loc 2 76 56 is_stmt 0
GAS LISTING /tmp/cc7VSLoX.s 			page 6


 158 00c0 13050001 		li	a0,16
 159              	.LVL12:
 160 00c4 97000000 		call	_ZN15MemoryAllocator9mem_allocEm@plt
 160      E7800000 
 161              	.LVL13:
  77:src/../h/list.hpp ****         elem->next = nullptr;
 162              		.loc 2 77 9
 163 00cc 23309500 		sd	s1,0(a0)
  78:src/../h/list.hpp ****         if (tail)
 164              		.loc 2 78 9
 165 00d0 23340500 		sd	zero,8(a0)
  79:src/../h/list.hpp ****         {
 166              		.loc 2 79 13
 167 00d4 97070000 		ld	a5,.LANCHOR0+8
 167      83B70700 
  79:src/../h/list.hpp ****         {
 168              		.loc 2 79 9
 169 00dc 63820702 		beqz	a5,.L12
  81:src/../h/list.hpp ****             tail = elem;
 170              		.loc 2 81 13
 171 00e0 23B4A700 		sd	a0,8(a5)
  82:src/../h/list.hpp ****         } else
 172              		.loc 2 82 13
 173 00e4 97070000 		sd	a0,.LANCHOR0+8,a5
 173      23B0A700 
 174              	.LVL14:
 175              	.L11:
 176              	.LBE23:
 177              	.LBE22:
 178              		.loc 1 20 1
 179 00ec 83308101 		ld	ra,24(sp)
 180              		.cfi_remember_state
 181              		.cfi_restore 1
 182 00f0 03340101 		ld	s0,16(sp)
 183              		.cfi_restore 8
 184              		.cfi_def_cfa 2, 32
 185 00f4 83348100 		ld	s1,8(sp)
 186              		.cfi_restore 9
 187              	.LVL15:
 188 00f8 13010102 		addi	sp,sp,32
 189              		.cfi_def_cfa_offset 0
 190 00fc 67800000 		jr	ra
 191              	.LVL16:
 192              	.L12:
 193              		.cfi_restore_state
 194              	.LBB25:
 195              	.LBB24:
  85:src/../h/list.hpp ****         }
 196              		.loc 2 85 13
 197 0100 97070000 		lla	a5,.LANCHOR0
 197      93870700 
 198 0108 23B4A700 		sd	a0,8(a5)
 199 010c 23B0A700 		sd	a0,0(a5)
 200              	.LVL17:
 201              	.LBE24:
 202              	.LBE25:
 203              		.loc 1 20 1
GAS LISTING /tmp/cc7VSLoX.s 			page 7


 204 0110 6FF0DFFD 		j	.L11
 205              		.cfi_endproc
 206              	.LFE13:
 208              		.align	2
 210              	_GLOBAL__sub_I__ZN9Scheduler16readyThreadQueueE:
 211              	.LFB21:
 212              		.loc 1 20 1 is_stmt 1
 213              		.cfi_startproc
 214 0114 130101FF 		addi	sp,sp,-16
 215              		.cfi_def_cfa_offset 16
 216 0118 23341100 		sd	ra,8(sp)
 217 011c 23308100 		sd	s0,0(sp)
 218              		.cfi_offset 1, -8
 219              		.cfi_offset 8, -16
 220 0120 13040101 		addi	s0,sp,16
 221              		.cfi_def_cfa 8, 0
 222              		.loc 1 20 1 is_stmt 0
 223 0124 B7050100 		li	a1,65536
 224 0128 9385F5FF 		addi	a1,a1,-1
 225 012c 13051000 		li	a0,1
 226 0130 97000000 		call	_Z41__static_initialization_and_destruction_0ii
 226      E7800000 
 227              	.LVL18:
 228 0138 83308100 		ld	ra,8(sp)
 229              		.cfi_restore 1
 230 013c 03340100 		ld	s0,0(sp)
 231              		.cfi_restore 8
 232              		.cfi_def_cfa 2, 16
 233 0140 13010101 		addi	sp,sp,16
 234              		.cfi_def_cfa_offset 0
 235 0144 67800000 		jr	ra
 236              		.cfi_endproc
 237              	.LFE21:
 239              		.section	.init_array,"aw"
 240              		.align	3
 241 0000 00000000 		.dword	_GLOBAL__sub_I__ZN9Scheduler16readyThreadQueueE
 241      00000000 
 242              		.globl	_ZN9Scheduler16readyThreadQueueE
 243              		.bss
 244              		.align	3
 245              		.set	.LANCHOR0,. + 0
 248              	_ZN9Scheduler16readyThreadQueueE:
 249 0000 00000000 		.zero	16
 249      00000000 
 249      00000000 
 249      00000000 
 250              		.text
 251              	.Letext0:
 252              		.file 3 "src/../h/../lib/hw.h"
 253              		.file 4 "src/../h/MemoryAllocator.hpp"
 254              		.file 5 "src/../h/scheduler.hpp"
GAS LISTING /tmp/cc7VSLoX.s 			page 8


DEFINED SYMBOLS
                            *ABS*:0000000000000000 scheduler.cpp
     /tmp/cc7VSLoX.s:8      .text:0000000000000000 _Z41__static_initialization_and_destruction_0ii
     /tmp/cc7VSLoX.s:12     .text:0000000000000000 .L0 
     /tmp/cc7VSLoX.s:14     .text:0000000000000000 .L0 
     /tmp/cc7VSLoX.s:15     .text:0000000000000004 .L0 
     /tmp/cc7VSLoX.s:17     .text:0000000000000008 .L0 
     /tmp/cc7VSLoX.s:19     .text:000000000000000c .L0 
     /tmp/cc7VSLoX.s:21     .text:000000000000000c .L0 
     /tmp/cc7VSLoX.s:25     .text:0000000000000018 .L0 
     /tmp/cc7VSLoX.s:26     .text:0000000000000018 .L0 
     /tmp/cc7VSLoX.s:27     .text:0000000000000018 .L0 
     /tmp/cc7VSLoX.s:29     .text:000000000000001c .L0 
     /tmp/cc7VSLoX.s:32     .text:0000000000000020 .L0 
     /tmp/cc7VSLoX.s:34     .text:0000000000000020 .L0 
     /tmp/cc7VSLoX.s:43     .text:000000000000002c .L0 
     /tmp/cc7VSLoX.s:51     .text:000000000000003c .L0 
     /tmp/cc7VSLoX.s:52     .text:0000000000000040 .L0 
     /tmp/cc7VSLoX.s:58     .text:0000000000000040 _ZN9Scheduler3getEv
     /tmp/cc7VSLoX.s:61     .text:0000000000000040 .L0 
     /tmp/cc7VSLoX.s:62     .text:0000000000000040 .L0 
     /tmp/cc7VSLoX.s:63     .text:0000000000000044 .L0 
     /tmp/cc7VSLoX.s:67     .text:0000000000000050 .L0 
     /tmp/cc7VSLoX.s:68     .text:0000000000000050 .L0 
     /tmp/cc7VSLoX.s:69     .text:0000000000000050 .L0 
     /tmp/cc7VSLoX.s:71     .text:0000000000000054 .L0 
     /tmp/cc7VSLoX.s:76     .text:0000000000000054 .L0 
     /tmp/cc7VSLoX.s:77     .text:0000000000000054 .L0 
     /tmp/cc7VSLoX.s:79     .text:000000000000005c .L0 
     /tmp/cc7VSLoX.s:82     .text:0000000000000060 .L0 
     /tmp/cc7VSLoX.s:84     .text:0000000000000064 .L0 
     /tmp/cc7VSLoX.s:86     .text:000000000000006c .L0 
     /tmp/cc7VSLoX.s:89     .text:0000000000000070 .L0 
     /tmp/cc7VSLoX.s:94     .text:0000000000000074 .L0 
     /tmp/cc7VSLoX.s:102    .text:000000000000007c .L0 
     /tmp/cc7VSLoX.s:104    .text:0000000000000084 .L0 
     /tmp/cc7VSLoX.s:105    .text:0000000000000084 .L0 
     /tmp/cc7VSLoX.s:107    .text:0000000000000088 .L0 
     /tmp/cc7VSLoX.s:108    .text:0000000000000088 .L0 
     /tmp/cc7VSLoX.s:110    .text:000000000000008c .L0 
     /tmp/cc7VSLoX.s:112    .text:0000000000000090 .L0 
     /tmp/cc7VSLoX.s:116    .text:0000000000000094 .L0 
     /tmp/cc7VSLoX.s:120    .text:0000000000000094 .L0 
     /tmp/cc7VSLoX.s:125    .text:00000000000000a0 .L0 
     /tmp/cc7VSLoX.s:130    .text:00000000000000a4 .L0 
     /tmp/cc7VSLoX.s:131    .text:00000000000000a8 .L0 
     /tmp/cc7VSLoX.s:137    .text:00000000000000a8 _ZN9Scheduler3putEP3TCB
     /tmp/cc7VSLoX.s:140    .text:00000000000000a8 .L0 
     /tmp/cc7VSLoX.s:142    .text:00000000000000a8 .L0 
     /tmp/cc7VSLoX.s:143    .text:00000000000000ac .L0 
     /tmp/cc7VSLoX.s:147    .text:00000000000000b8 .L0 
     /tmp/cc7VSLoX.s:148    .text:00000000000000b8 .L0 
     /tmp/cc7VSLoX.s:149    .text:00000000000000b8 .L0 
     /tmp/cc7VSLoX.s:151    .text:00000000000000bc .L0 
     /tmp/cc7VSLoX.s:157    .text:00000000000000c0 .L0 
     /tmp/cc7VSLoX.s:158    .text:00000000000000c0 .L0 
     /tmp/cc7VSLoX.s:163    .text:00000000000000cc .L0 
GAS LISTING /tmp/cc7VSLoX.s 			page 9


     /tmp/cc7VSLoX.s:165    .text:00000000000000d0 .L0 
     /tmp/cc7VSLoX.s:167    .text:00000000000000d4 .L0 
     /tmp/cc7VSLoX.s:169    .text:00000000000000dc .L0 
     /tmp/cc7VSLoX.s:171    .text:00000000000000e0 .L0 
     /tmp/cc7VSLoX.s:173    .text:00000000000000e4 .L0 
     /tmp/cc7VSLoX.s:179    .text:00000000000000ec .L0 
     /tmp/cc7VSLoX.s:180    .text:00000000000000f0 .L0 
     /tmp/cc7VSLoX.s:181    .text:00000000000000f0 .L0 
     /tmp/cc7VSLoX.s:183    .text:00000000000000f4 .L0 
     /tmp/cc7VSLoX.s:184    .text:00000000000000f4 .L0 
     /tmp/cc7VSLoX.s:186    .text:00000000000000f8 .L0 
     /tmp/cc7VSLoX.s:189    .text:00000000000000fc .L0 
     /tmp/cc7VSLoX.s:193    .text:0000000000000100 .L0 
     /tmp/cc7VSLoX.s:197    .text:0000000000000100 .L0 
     /tmp/cc7VSLoX.s:204    .text:0000000000000110 .L0 
     /tmp/cc7VSLoX.s:205    .text:0000000000000114 .L0 
     /tmp/cc7VSLoX.s:210    .text:0000000000000114 _GLOBAL__sub_I__ZN9Scheduler16readyThreadQueueE
     /tmp/cc7VSLoX.s:213    .text:0000000000000114 .L0 
     /tmp/cc7VSLoX.s:214    .text:0000000000000114 .L0 
     /tmp/cc7VSLoX.s:215    .text:0000000000000118 .L0 
     /tmp/cc7VSLoX.s:218    .text:0000000000000120 .L0 
     /tmp/cc7VSLoX.s:219    .text:0000000000000120 .L0 
     /tmp/cc7VSLoX.s:221    .text:0000000000000124 .L0 
     /tmp/cc7VSLoX.s:223    .text:0000000000000124 .L0 
     /tmp/cc7VSLoX.s:229    .text:000000000000013c .L0 
     /tmp/cc7VSLoX.s:231    .text:0000000000000140 .L0 
     /tmp/cc7VSLoX.s:232    .text:0000000000000140 .L0 
     /tmp/cc7VSLoX.s:234    .text:0000000000000144 .L0 
     /tmp/cc7VSLoX.s:236    .text:0000000000000148 .L0 
     /tmp/cc7VSLoX.s:248    .bss:0000000000000000 _ZN9Scheduler16readyThreadQueueE
     /tmp/cc7VSLoX.s:245    .bss:0000000000000000 .LANCHOR0
     /tmp/cc7VSLoX.s:255    .text:0000000000000148 .L0 
     /tmp/cc7VSLoX.s:43     .text:000000000000002c .L0 
     /tmp/cc7VSLoX.s:77     .text:0000000000000054 .L0 
     /tmp/cc7VSLoX.s:84     .text:0000000000000064 .L0 
     /tmp/cc7VSLoX.s:120    .text:0000000000000094 .L0 
     /tmp/cc7VSLoX.s:167    .text:00000000000000d4 .L0 
     /tmp/cc7VSLoX.s:173    .text:00000000000000e4 .L0 
     /tmp/cc7VSLoX.s:197    .text:0000000000000100 .L0 
     /tmp/cc7VSLoX.s:31     .text:0000000000000020 .L4
     /tmp/cc7VSLoX.s:23     .text:0000000000000014 .L1
     /tmp/cc7VSLoX.s:123    .text:00000000000000a0 .L8
     /tmp/cc7VSLoX.s:115    .text:0000000000000094 .L10
     /tmp/cc7VSLoX.s:87     .text:0000000000000070 .L7
     /tmp/cc7VSLoX.s:96     .text:000000000000007c .L5
     /tmp/cc7VSLoX.s:192    .text:0000000000000100 .L12
     /tmp/cc7VSLoX.s:175    .text:00000000000000ec .L11
     /tmp/cc7VSLoX.s:1040   .debug_abbrev:0000000000000000 .Ldebug_abbrev0
     /tmp/cc7VSLoX.s:2251   .debug_str:000000000000055d .LASF72
     /tmp/cc7VSLoX.s:2265   .debug_str:0000000000000668 .LASF73
     /tmp/cc7VSLoX.s:2145   .debug_str:00000000000001fe .LASF74
     /tmp/cc7VSLoX.s:5      .text:0000000000000000 .Ltext0
     /tmp/cc7VSLoX.s:251    .text:0000000000000148 .Letext0
     /tmp/cc7VSLoX.s:2099   .debug_line:0000000000000000 .Ldebug_line0
     /tmp/cc7VSLoX.s:2201   .debug_str:00000000000003c8 .LASF0
     /tmp/cc7VSLoX.s:2207   .debug_str:00000000000003f3 .LASF1
     /tmp/cc7VSLoX.s:2185   .debug_str:0000000000000349 .LASF2
GAS LISTING /tmp/cc7VSLoX.s 			page 10


     /tmp/cc7VSLoX.s:2141   .debug_str:00000000000001c2 .LASF3
     /tmp/cc7VSLoX.s:2165   .debug_str:00000000000002b3 .LASF4
     /tmp/cc7VSLoX.s:2233   .debug_str:00000000000004d4 .LASF5
     /tmp/cc7VSLoX.s:2109   .debug_str:0000000000000057 .LASF6
     /tmp/cc7VSLoX.s:2209   .debug_str:0000000000000406 .LASF7
     /tmp/cc7VSLoX.s:2199   .debug_str:00000000000003b5 .LASF8
     /tmp/cc7VSLoX.s:2261   .debug_str:000000000000064b .LASF9
     /tmp/cc7VSLoX.s:2157   .debug_str:0000000000000275 .LASF10
     /tmp/cc7VSLoX.s:2215   .debug_str:0000000000000443 .LASF11
     /tmp/cc7VSLoX.s:2257   .debug_str:0000000000000637 .LASF12
     /tmp/cc7VSLoX.s:2111   .debug_str:000000000000005e .LASF13
     /tmp/cc7VSLoX.s:2103   .debug_str:000000000000001e .LASF14
     /tmp/cc7VSLoX.s:2123   .debug_str:00000000000000f6 .LASF15
     /tmp/cc7VSLoX.s:2229   .debug_str:00000000000004b9 .LASF16
     /tmp/cc7VSLoX.s:2127   .debug_str:0000000000000115 .LASF17
     /tmp/cc7VSLoX.s:2105   .debug_str:000000000000002e .LASF45
     /tmp/cc7VSLoX.s:2243   .debug_str:0000000000000539 .LASF18
     /tmp/cc7VSLoX.s:2267   .debug_str:000000000000067a .LASF19
     /tmp/cc7VSLoX.s:2183   .debug_str:0000000000000339 .LASF33
     /tmp/cc7VSLoX.s:2177   .debug_str:0000000000000316 .LASF20
     /tmp/cc7VSLoX.s:2255   .debug_str:000000000000062d .LASF21
     /tmp/cc7VSLoX.s:2187   .debug_str:0000000000000357 .LASF22
     /tmp/cc7VSLoX.s:2239   .debug_str:0000000000000503 .LASF75
     /tmp/cc7VSLoX.s:2247   .debug_str:000000000000054a .LASF23
     /tmp/cc7VSLoX.s:2149   .debug_str:000000000000022d .LASF24
     /tmp/cc7VSLoX.s:2235   .debug_str:00000000000004e6 .LASF25
     /tmp/cc7VSLoX.s:2241   .debug_str:0000000000000518 .LASF27
     /tmp/cc7VSLoX.s:2217   .debug_str:0000000000000452 .LASF26
     /tmp/cc7VSLoX.s:2155   .debug_str:0000000000000254 .LASF28
     /tmp/cc7VSLoX.s:2245   .debug_str:000000000000053e .LASF29
     /tmp/cc7VSLoX.s:2113   .debug_str:000000000000006e .LASF31
     /tmp/cc7VSLoX.s:2151   .debug_str:000000000000023b .LASF76
     /tmp/cc7VSLoX.s:2211   .debug_str:0000000000000419 .LASF77
     /tmp/cc7VSLoX.s:2197   .debug_str:00000000000003a4 .LASF30
     /tmp/cc7VSLoX.s:2143   .debug_str:00000000000001c8 .LASF32
     /tmp/cc7VSLoX.s:2137   .debug_str:000000000000018c .LASF34
     /tmp/cc7VSLoX.s:2213   .debug_str:0000000000000439 .LASF35
     /tmp/cc7VSLoX.s:2147   .debug_str:000000000000021c .LASF78
     /tmp/cc7VSLoX.s:2161   .debug_str:000000000000029a .LASF79
     /tmp/cc7VSLoX.s:2121   .debug_str:00000000000000de .LASF80
     /tmp/cc7VSLoX.s:2181   .debug_str:000000000000032f .LASF36
     /tmp/cc7VSLoX.s:2263   .debug_str:000000000000065b .LASF37
     /tmp/cc7VSLoX.s:2237   .debug_str:00000000000004f0 .LASF38
     /tmp/cc7VSLoX.s:2153   .debug_str:0000000000000244 .LASF39
     /tmp/cc7VSLoX.s:2221   .debug_str:0000000000000460 .LASF40
     /tmp/cc7VSLoX.s:2129   .debug_str:000000000000012b .LASF41
     /tmp/cc7VSLoX.s:2117   .debug_str:00000000000000c0 .LASF43
     /tmp/cc7VSLoX.s:2167   .debug_str:00000000000002ba .LASF42
     /tmp/cc7VSLoX.s:2269   .debug_str:000000000000067f .LASF44
     /tmp/cc7VSLoX.s:2259   .debug_str:0000000000000646 .LASF46
     /tmp/cc7VSLoX.s:2223   .debug_str:0000000000000473 .LASF47
     /tmp/cc7VSLoX.s:2193   .debug_str:000000000000037b .LASF48
     /tmp/cc7VSLoX.s:2131   .debug_str:000000000000013b .LASF49
     /tmp/cc7VSLoX.s:2191   .debug_str:0000000000000376 .LASF50
     /tmp/cc7VSLoX.s:2163   .debug_str:00000000000002ae .LASF51
     /tmp/cc7VSLoX.s:2203   .debug_str:00000000000003d5 .LASF52
     /tmp/cc7VSLoX.s:2227   .debug_str:00000000000004a2 .LASF58
GAS LISTING /tmp/cc7VSLoX.s 			page 11


     /tmp/cc7VSLoX.s:2195   .debug_str:000000000000039a .LASF81
     /tmp/cc7VSLoX.s:2159   .debug_str:0000000000000283 .LASF82
     /tmp/cc7VSLoX.s:2249   .debug_str:0000000000000554 .LASF53
     /tmp/cc7VSLoX.s:2139   .debug_str:00000000000001a5 .LASF54
     /tmp/cc7VSLoX.s:2189   .debug_str:000000000000036e .LASF55
     /tmp/cc7VSLoX.s:2135   .debug_str:0000000000000170 .LASF56
     /tmp/cc7VSLoX.s:2253   .debug_str:0000000000000621 .LASF57
     /tmp/cc7VSLoX.s:2101   .debug_str:0000000000000000 .LASF59
     /tmp/cc7VSLoX.s:2119   .debug_str:00000000000000d4 .LASF60
     /tmp/cc7VSLoX.s:2173   .debug_str:00000000000002f2 .LASF61
     /tmp/cc7VSLoX.s:2205   .debug_str:00000000000003e8 .LASF62
     /tmp/cc7VSLoX.s:2107   .debug_str:000000000000003a .LASF63
     /tmp/cc7VSLoX.s:2175   .debug_str:000000000000030d .LASF64
     /tmp/cc7VSLoX.s:2171   .debug_str:00000000000002d8 .LASF65
     /tmp/cc7VSLoX.s:2115   .debug_str:000000000000009f .LASF83
     /tmp/cc7VSLoX.s:2133   .debug_str:0000000000000140 .LASF66
     /tmp/cc7VSLoX.s:211    .text:0000000000000114 .LFB21
     /tmp/cc7VSLoX.s:237    .text:0000000000000148 .LFE21
     /tmp/cc7VSLoX.s:227    .text:0000000000000138 .LVL18
     /tmp/cc7VSLoX.s:2225   .debug_str:0000000000000478 .LASF67
     /tmp/cc7VSLoX.s:9      .text:0000000000000000 .LFB20
     /tmp/cc7VSLoX.s:53     .text:0000000000000040 .LFE20
     /tmp/cc7VSLoX.s:2179   .debug_str:0000000000000320 .LASF68
     /tmp/cc7VSLoX.s:2169   .debug_str:00000000000002cd .LASF69
     /tmp/cc7VSLoX.s:38     .text:000000000000002c .LBB13
     /tmp/cc7VSLoX.s:49     .text:000000000000003c .LBE13
     /tmp/cc7VSLoX.s:1971   .debug_loc:0000000000000000 .LLST0
     /tmp/cc7VSLoX.s:2219   .debug_str:000000000000045b .LASF70
     /tmp/cc7VSLoX.s:2231   .debug_str:00000000000004cf .LASF71
     /tmp/cc7VSLoX.s:2125   .debug_str:0000000000000102 .LASF84
     /tmp/cc7VSLoX.s:138    .text:00000000000000a8 .LFB13
     /tmp/cc7VSLoX.s:206    .text:0000000000000114 .LFE13
     /tmp/cc7VSLoX.s:1980   .debug_loc:000000000000002c .LLST5
     /tmp/cc7VSLoX.s:155    .text:00000000000000c0 .LBB22
     /tmp/cc7VSLoX.s:2085   .debug_ranges:0000000000000000 .Ldebug_ranges0
     /tmp/cc7VSLoX.s:2002   .debug_loc:000000000000008b .LLST6
     /tmp/cc7VSLoX.s:2017   .debug_loc:00000000000000d4 .LLST7
     /tmp/cc7VSLoX.s:161    .text:00000000000000cc .LVL13
     /tmp/cc7VSLoX.s:59     .text:0000000000000040 .LFB12
     /tmp/cc7VSLoX.s:132    .text:00000000000000a8 .LFE12
     /tmp/cc7VSLoX.s:74     .text:0000000000000054 .LBB16
     /tmp/cc7VSLoX.s:2032   .debug_loc:000000000000011c .LLST1
     /tmp/cc7VSLoX.s:2047   .debug_loc:0000000000000164 .LLST2
     /tmp/cc7VSLoX.s:2058   .debug_loc:000000000000019a .LLST3
     /tmp/cc7VSLoX.s:91     .text:0000000000000074 .LBB18
     /tmp/cc7VSLoX.s:98     .text:000000000000007c .LBE18
     /tmp/cc7VSLoX.s:2065   .debug_loc:00000000000001bd .LLST4
     /tmp/cc7VSLoX.s:95     .text:000000000000007c .LVL6
     /tmp/cc7VSLoX.s:37     .text:000000000000002c .LVL1
     /tmp/cc7VSLoX.s:46     .text:000000000000003c .LVL2
     /tmp/cc7VSLoX.s:141    .text:00000000000000a8 .LVL10
     /tmp/cc7VSLoX.s:159    .text:00000000000000c4 .LVL12
     /tmp/cc7VSLoX.s:187    .text:00000000000000f8 .LVL15
     /tmp/cc7VSLoX.s:191    .text:0000000000000100 .LVL16
     /tmp/cc7VSLoX.s:154    .text:00000000000000c0 .LVL11
     /tmp/cc7VSLoX.s:174    .text:00000000000000ec .LVL14
     /tmp/cc7VSLoX.s:200    .text:0000000000000110 .LVL17
GAS LISTING /tmp/cc7VSLoX.s 			page 12


     /tmp/cc7VSLoX.s:73     .text:0000000000000054 .LVL3
     /tmp/cc7VSLoX.s:114    .text:0000000000000094 .LVL7
     /tmp/cc7VSLoX.s:126    .text:00000000000000a4 .LVL9
     /tmp/cc7VSLoX.s:80     .text:0000000000000060 .LVL4
     /tmp/cc7VSLoX.s:122    .text:00000000000000a0 .LVL8
     /tmp/cc7VSLoX.s:90     .text:0000000000000074 .LVL5
     /tmp/cc7VSLoX.s:256    .debug_info:0000000000000000 .Ldebug_info0
     /tmp/cc7VSLoX.s:100    .text:000000000000007c .LBE16
     /tmp/cc7VSLoX.s:117    .text:0000000000000094 .LBB21
     /tmp/cc7VSLoX.s:128    .text:00000000000000a4 .LBE21
     /tmp/cc7VSLoX.s:177    .text:00000000000000ec .LBE22
     /tmp/cc7VSLoX.s:194    .text:0000000000000100 .LBB25
     /tmp/cc7VSLoX.s:202    .text:0000000000000110 .LBE25

UNDEFINED SYMBOLS
_ZN15MemoryAllocator8mem_freeEPv
_ZN15MemoryAllocator9mem_allocEm
